<?xml version="1.0" encoding="UTF-8"?>
<!-- Generated by org.testng.reporters.JUnitXMLReporter -->
<testsuite ignored="0" hostname="DESKTOP-TKP9LCD" failures="1" tests="2" name="Test" time="2.932" errors="0" timestamp="2022-01-30T12:16:41 IST">
  <testcase classname="com.tests.LoginTest" name="logintest" time="2.511"/>
  <testcase classname="com.tests.LoginTest" name="failTest" time="0.017">
    <failure type="java.lang.AssertionError" message="expected [JavaByKiran | Log in] but found [JavaByKiran | Dashboard]">
      <![CDATA[java.lang.AssertionError: expected [JavaByKiran | Log in] but found [JavaByKiran | Dashboard]
at com.tests.LoginTest.failTest(LoginTest.java:35)
at java.base/java.util.ArrayList.forEach(ArrayList.java:1511)
... Removed 33 stack frames]]>
    </failure>
  </testcase> <!-- failTest -->
</testsuite> <!-- Test -->
